[debug] [2023-06-08T16:06:43.347Z] ----------------------------------------------------------------------
[debug] [2023-06-08T16:06:43.349Z] Command:       C:\Program Files\nodejs\node.exe C:\Users\Walter\AppData\Roaming\npm\node_modules\firebase-tools\lib\bin\firebase.js init
[debug] [2023-06-08T16:06:43.349Z] CLI Version:   12.3.1
[debug] [2023-06-08T16:06:43.349Z] Platform:      win32
[debug] [2023-06-08T16:06:43.350Z] Node Version:  v18.15.0
[debug] [2023-06-08T16:06:43.350Z] Time:          Thu Jun 08 2023 18:06:43 GMT+0200 (Ora legale dell’Europa centrale)
[debug] [2023-06-08T16:06:43.350Z] ----------------------------------------------------------------------
[debug] 
[debug] [2023-06-08T16:06:43.356Z] > command requires scopes: ["email","openid","https://www.googleapis.com/auth/cloudplatformprojects.readonly","https://www.googleapis.com/auth/firebase","https://www.googleapis.com/auth/cloud-platform"]
[debug] [2023-06-08T16:06:43.356Z] > authorizing via signed-in user (walter90@hotmail.it)
[info] 
     ######## #### ########  ######## ########     ###     ######  ########
     ##        ##  ##     ## ##       ##     ##  ##   ##  ##       ##
     ######    ##  ########  ######   ########  #########  ######  ######
     ##        ##  ##    ##  ##       ##     ## ##     ##       ## ##
     ##       #### ##     ## ######## ########  ##     ##  ######  ########

You're about to initialize a Firebase project in this directory:

  D:\Corso_Epicode_Angular\week11\day3\week11Day3Esercizio

[info] 
=== Project Setup
[info] 
[info] First, let's associate this project directory with a Firebase project.
[info] You can create multiple project aliases by running firebase use --add, 
[info] but for now we'll just set up a default project.
[info] 
[debug] [2023-06-08T16:09:24.637Z] >>> [apiv2][query] GET https://firebase.googleapis.com/v1beta1/projects pageSize=100
[debug] [2023-06-08T16:09:25.245Z] <<< [apiv2][status] GET https://firebase.googleapis.com/v1beta1/projects 200
[debug] [2023-06-08T16:09:25.245Z] <<< [apiv2][body] GET https://firebase.googleapis.com/v1beta1/projects [omitted]
[info] i  Using project primoprog-95fda (primoProg) 
[info] 
=== Hosting Setup
[info] 
[info] Your public directory is the folder (relative to your project directory) that
[info] will contain Hosting assets to be uploaded with firebase deploy. If you
[info] have a build process for your assets, use your build's output directory.
[info] 
[info] +  Wrote (public)/404.html 
[debug] [2023-06-08T16:11:27.117Z] >>> [apiv2][query] GET https://www.gstatic.com/firebasejs/releases.json [none]
[debug] [2023-06-08T16:11:27.297Z] <<< [apiv2][status] GET https://www.gstatic.com/firebasejs/releases.json 200
[debug] [2023-06-08T16:11:27.297Z] <<< [apiv2][body] GET https://www.gstatic.com/firebasejs/releases.json {"current":{"version":"9.22.1","browserURL":"https://www.gstatic.com/firebasejs/9.22.1/firebase.js","packageURL":"https://www.gstatic.com/firebasejs/9.22.1/firebase.tgz"},"live":{"version":"9.22","browserURL":"https://www.gstatic.com/firebasejs/live/9.22/firebase.js","packageURL":"https://www.gstatic.com/firebasejs/live/9.22/firebase.tgz"},"components":{"analytics":"https://www.gstatic.com/firebasejs/9.22.1/firebase-analytics.js","app":"https://www.gstatic.com/firebasejs/9.22.1/firebase-app.js","app-check":"https://www.gstatic.com/firebasejs/9.22.1/firebase-app-check.js","auth":"https://www.gstatic.com/firebasejs/9.22.1/firebase-auth.js","auth/cordova":"https://www.gstatic.com/firebasejs/9.22.1/firebase-auth/cordova.js","auth/react-native":"https://www.gstatic.com/firebasejs/9.22.1/firebase-auth/react-native.js","functions":"https://www.gstatic.com/firebasejs/9.22.1/firebase-functions.js","firestore":"https://www.gstatic.com/firebasejs/9.22.1/firebase-firestore.js","firestore/lite":"https://www.gstatic.com/firebasejs/9.22.1/firebase-firestore/lite.js","installations":"https://www.gstatic.com/firebasejs/9.22.1/firebase-installations.js","storage":"https://www.gstatic.com/firebasejs/9.22.1/firebase-storage.js","performance":"https://www.gstatic.com/firebasejs/9.22.1/firebase-performance.js","remote-config":"https://www.gstatic.com/firebasejs/9.22.1/firebase-remote-config.js","messaging":"https://www.gstatic.com/firebasejs/9.22.1/firebase-messaging.js","messaging/sw":"https://www.gstatic.com/firebasejs/9.22.1/firebase-messaging/sw.js","database":"https://www.gstatic.com/firebasejs/9.22.1/firebase-database.js","firestore.memory":"https://www.gstatic.com/firebasejs/9.22.1/firebase-firestore.memory.js"}}
[info] +  Wrote (public)/index.html 
[info] 
[info] i  Detected a .git folder at D:\Corso_Epicode_Angular\week11 
[info] i  Authorizing with GitHub to upload your service account to a GitHub repository's secrets store. 
[info] 
[info] Visit this URL on this device to log in:
[info] https://github.com/login/oauth/authorize?client_id=89cf50f02ac6aaed3484&state=690123387&redirect_uri=http%3A%2F%2Flocalhost%3A9005&scope=read%3Auser%20repo%20public_repo
[info] 
[info] Waiting for authentication...
[debug] [2023-06-08T16:11:55.401Z] >>> [apiv2][query] POST https://github.com/login/oauth/access_token [none]
[debug] [2023-06-08T16:11:55.401Z] >>> [apiv2][body] POST https://github.com/login/oauth/access_token [stream]
[debug] [2023-06-08T16:11:55.752Z] <<< [apiv2][status] POST https://github.com/login/oauth/access_token 200
[debug] [2023-06-08T16:11:55.752Z] <<< [apiv2][body] POST https://github.com/login/oauth/access_token {"access_token":"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","token_type":"bearer","scope":"read:user,repo"}
[debug] [2023-06-08T16:11:55.757Z] >>> [apiv2][query] GET https://api.github.com/user [none]
[debug] [2023-06-08T16:11:56.152Z] <<< [apiv2][status] GET https://api.github.com/user 200
[debug] [2023-06-08T16:11:56.152Z] <<< [apiv2][body] GET https://api.github.com/user {"login":"WalterBarbieri","id":128515233,"node_id":"U_kgDOB6j8oQ","avatar_url":"https://avatars.githubusercontent.com/u/128515233?v=4","gravatar_id":"","url":"https://api.github.com/users/WalterBarbieri","html_url":"https://github.com/WalterBarbieri","followers_url":"https://api.github.com/users/WalterBarbieri/followers","following_url":"https://api.github.com/users/WalterBarbieri/following{/other_user}","gists_url":"https://api.github.com/users/WalterBarbieri/gists{/gist_id}","starred_url":"https://api.github.com/users/WalterBarbieri/starred{/owner}{/repo}","subscriptions_url":"https://api.github.com/users/WalterBarbieri/subscriptions","organizations_url":"https://api.github.com/users/WalterBarbieri/orgs","repos_url":"https://api.github.com/users/WalterBarbieri/repos","events_url":"https://api.github.com/users/WalterBarbieri/events{/privacy}","received_events_url":"https://api.github.com/users/WalterBarbieri/received_events","type":"User","site_admin":false,"name":"Walter Barbieri","company":null,"blog":"","location":null,"email":null,"hireable":null,"bio":null,"twitter_username":null,"public_repos":31,"public_gists":0,"followers":1,"following":0,"created_at":"2023-03-21T17:32:32Z","updated_at":"2023-05-19T15:43:23Z","private_gists":0,"total_private_repos":1,"owned_private_repos":1,"disk_usage":49608,"collaborators":0,"two_factor_authentication":false,"plan":{"name":"free","space":976562499,"collaborators":0,"private_repos":10000}}
[info] 
[info] +  Success! Logged into GitHub as WalterBarbieri 
[info] 
[debug] [2023-06-08T16:15:30.889Z] >>> [apiv2][query] GET https://api.github.com/repos/WalterBarbieri/week11/tree/master/day3/week11Day3Esercizio/actions/secrets/public-key type=owner
[debug] [2023-06-08T16:15:31.232Z] <<< [apiv2][status] GET https://api.github.com/repos/WalterBarbieri/week11/tree/master/day3/week11Day3Esercizio/actions/secrets/public-key 404
[debug] [2023-06-08T16:15:31.232Z] <<< [apiv2][body] GET https://api.github.com/repos/WalterBarbieri/week11/tree/master/day3/week11Day3Esercizio/actions/secrets/public-key {"message":"Not Found","documentation_url":"https://docs.github.com/rest"}
[info] 
[info] 
[error] !  The provided authorization cannot be used with this repository. If this repository is in an organization, did you remember to grant access? 
[info] 
[info] i  Action required: Visit this URL to ensure access has been granted to the appropriate organization(s) for the Firebase CLI GitHub OAuth App: 
[info] https://github.com/settings/connections/applications/89cf50f02ac6aaed3484
[info] 
[debug] [2023-06-08T16:15:48.504Z] >>> [apiv2][query] GET https://api.github.com/repos/WalterBarbieri/week11/tree/master/day3/week11Day3Esercizio/actions/secrets/public-key type=owner
[debug] [2023-06-08T16:15:48.851Z] <<< [apiv2][status] GET https://api.github.com/repos/WalterBarbieri/week11/tree/master/day3/week11Day3Esercizio/actions/secrets/public-key 404
[debug] [2023-06-08T16:15:48.851Z] <<< [apiv2][body] GET https://api.github.com/repos/WalterBarbieri/week11/tree/master/day3/week11Day3Esercizio/actions/secrets/public-key {"message":"Not Found","documentation_url":"https://docs.github.com/rest"}
[info] 
[info] 
[error] !  The provided authorization cannot be used with this repository. If this repository is in an organization, did you remember to grant access? 
[info] 
[info] i  Action required: Visit this URL to ensure access has been granted to the appropriate organization(s) for the Firebase CLI GitHub OAuth App: 
[info] https://github.com/settings/connections/applications/89cf50f02ac6aaed3484
[info] 
[debug] [2023-06-08T16:16:16.736Z] >>> [apiv2][query] GET https://api.github.com/repos/WalterBarbieri/week11/tree/master/day3/week11Day3Esercizio/actions/secrets/public-key type=owner
[debug] [2023-06-08T16:16:17.026Z] <<< [apiv2][status] GET https://api.github.com/repos/WalterBarbieri/week11/tree/master/day3/week11Day3Esercizio/actions/secrets/public-key 404
[debug] [2023-06-08T16:16:17.026Z] <<< [apiv2][body] GET https://api.github.com/repos/WalterBarbieri/week11/tree/master/day3/week11Day3Esercizio/actions/secrets/public-key {"message":"Not Found","documentation_url":"https://docs.github.com/rest"}
[info] 
[info] 
[error] !  The provided authorization cannot be used with this repository. If this repository is in an organization, did you remember to grant access? 
[info] 
[info] i  Action required: Visit this URL to ensure access has been granted to the appropriate organization(s) for the Firebase CLI GitHub OAuth App: 
[info] https://github.com/settings/connections/applications/89cf50f02ac6aaed3484
[info] 
